Using pre-set license
Built from '2021.1/staging' branch; Version is '2021.1.7f1 (d91830b65d9b) revision 14227504'; Using compiler version '192528614'; Build Type 'Release'
OS: 'Windows 10 Pro; OS build 19043.1348; Version 2009; 64bit' Language: 'en' Physical Memory: 16155 MB
BatchMode: 1, IsHumanControllingUs: 0, StartBugReporterOnCrash: 0, Is64bit: 1, IsPro: 0

 COMMAND LINE ARGUMENTS:
C:\Program Files\Unity\Hub\Editor\2021.1.7f1\Editor\Unity.exe
-adb2
-batchMode
-noUpm
-name
AssetImportWorker0
-projectPath
D:/AR/AR-3D-Project
-logFile
Logs/AssetImportWorker0.log
-srvPort
56406
Successfully changed project path to: D:/AR/AR-3D-Project
D:/AR/AR-3D-Project
Using Asset Import Pipeline V2.
Refreshing native plugins compatible for Editor in 74.62 ms, found 2 plugins.
Preloading 0 native plugins for Editor in 0.00 ms.
Initialize engine version: 2021.1.7f1 (d91830b65d9b)
[Subsystems] Discovering subsystems at path C:/Program Files/Unity/Hub/Editor/2021.1.7f1/Editor/Data/Resources/UnitySubsystems
[Subsystems] Discovering subsystems at path D:/AR/AR-3D-Project/Assets
GfxDevice: creating device client; threaded=0; jobified=0
Direct3D:
    Version:  Direct3D 11.0 [level 11.1]
    Renderer: NVIDIA GeForce GTX 1650 Ti (ID=0x1f95)
    Vendor:   NVIDIA
    VRAM:     3962 MB
    Driver:   30.0.14.7212
Initialize mono
Mono path[0] = 'C:/Program Files/Unity/Hub/Editor/2021.1.7f1/Editor/Data/Managed'
Mono path[1] = 'C:/Program Files/Unity/Hub/Editor/2021.1.7f1/Editor/Data/MonoBleedingEdge/lib/mono/unityjit'
Mono config path = 'C:/Program Files/Unity/Hub/Editor/2021.1.7f1/Editor/Data/MonoBleedingEdge/etc'
Using monoOptions --debugger-agent=transport=dt_socket,embedding=1,server=y,suspend=n,address=127.0.0.1:56740
Begin MonoManager ReloadAssembly
Registering precompiled unity dll's ...
Register platform support module: C:/Program Files/Unity/Hub/Editor/2021.1.7f1/Editor/Data/PlaybackEngines/WebGLSupport/UnityEditor.WebGL.Extensions.dll
Register platform support module: C:/Program Files/Unity/Hub/Editor/2021.1.7f1/Editor/Data/PlaybackEngines/WindowsStandaloneSupport/UnityEditor.WindowsStandalone.Extensions.dll
Registered in 0.001775 seconds.
Native extension for WindowsStandalone target not found
Native extension for WebGL target not found
Refreshing native plugins compatible for Editor in 69.72 ms, found 2 plugins.
Preloading 0 native plugins for Editor in 0.00 ms.
Mono: successfully reloaded assembly
- Completed reload, in  1.550 seconds
Platform modules already initialized, skipping
Registering precompiled user dll's ...
Registered in 0.002288 seconds.
Begin MonoManager ReloadAssembly
Symbol file LoadedFromMemory doesn't match image D:\AR\AR-3D-Project\Library\PackageCache\com.unity.visualscripting@1.6.1\Editor\VisualScripting.Core\Dependencies\YamlDotNet\Unity.VisualScripting.YamlDotNet.dll
Symbol file LoadedFromMemory doesn't match image D:\AR\AR-3D-Project\Library\PackageCache\com.unity.visualscripting@1.6.1\Editor\VisualScripting.Core\Dependencies\DotNetZip\Unity.VisualScripting.IonicZip.dll
Native extension for WindowsStandalone target not found
Native extension for WebGL target not found
Refreshing native plugins compatible for Editor in 69.99 ms, found 2 plugins.
Preloading 0 native plugins for Editor in 0.00 ms.
Mono: successfully reloaded assembly
- Completed reload, in  0.936 seconds
Platform modules already initialized, skipping
========================================================================
Worker process is ready to serve import requests
Launched and connected shader compiler UnityShaderCompiler.exe after 0.03 seconds
Refreshing native plugins compatible for Editor in 0.58 ms, found 2 plugins.
Preloading 0 native plugins for Editor in 0.00 ms.
Unloading 3074 Unused Serialized files (Serialized files now loaded: 0)
System memory in use before: 113.2 MB.
System memory in use after: 113.4 MB.

Unloading 28 unused Assets to reduce memory usage. Loaded Objects now: 3517.
Total: 2.119900 ms (FindLiveObjects: 0.264700 ms CreateObjectMapping: 0.158500 ms MarkObjects: 1.626900 ms  DeleteObjects: 0.068900 ms)

========================================================================
Received Import Request.
  path: Assets/Scripts/ModelsLoader.cs
  artifactKey: Guid(2079d1bc947a4664d8bc7ca616a6ba2b) Importer(815301076,1909f56bfc062723c751e8b465ee728b)
Start importing Assets/Scripts/ModelsLoader.cs using Guid(2079d1bc947a4664d8bc7ca616a6ba2b) Importer(815301076,1909f56bfc062723c751e8b465ee728b)  -> (artifact id: '07bb4938fd8cfa1ed0bff718daa57934') in 0.029039 seconds 
========================================================================
Received Prepare
Registering precompiled user dll's ...
Registered in 0.002987 seconds.
Begin MonoManager ReloadAssembly
Symbol file LoadedFromMemory doesn't match image D:\AR\AR-3D-Project\Library\PackageCache\com.unity.visualscripting@1.6.1\Editor\VisualScripting.Core\Dependencies\YamlDotNet\Unity.VisualScripting.YamlDotNet.dll
Symbol file LoadedFromMemory doesn't match image D:\AR\AR-3D-Project\Library\PackageCache\com.unity.visualscripting@1.6.1\Editor\VisualScripting.Core\Dependencies\DotNetZip\Unity.VisualScripting.IonicZip.dll
Native extension for WindowsStandalone target not found
Native extension for WebGL target not found
Refreshing native plugins compatible for Editor in 0.61 ms, found 2 plugins.
Preloading 0 native plugins for Editor in 0.00 ms.
Mono: successfully reloaded assembly
- Completed reload, in  0.813 seconds
Platform modules already initialized, skipping
Switching build target platform(19) subTarget(0) extendedPlatform(0) -> platform(13) subTarget(524288) extendedPlatform(0)
Refreshing native plugins compatible for Editor in 1.26 ms, found 2 plugins.
Preloading 0 native plugins for Editor in 0.00 ms.
Unloading 3062 Unused Serialized files (Serialized files now loaded: 0)
System memory in use before: 112.0 MB.
System memory in use after: 112.2 MB.

Unloading 24 unused Assets to reduce memory usage. Loaded Objects now: 3520.
Total: 4.943600 ms (FindLiveObjects: 0.390000 ms CreateObjectMapping: 0.313300 ms MarkObjects: 4.100700 ms  DeleteObjects: 0.136900 ms)

AssetImportParameters requested are different than current active one (requested -> active):
  custom:graphics/normal-map-encoding: 01000000000000000000000000000000 -> 02000000000000000000000000000000
========================================================================
Received Prepare
Registering precompiled user dll's ...
Registered in 0.002921 seconds.
Begin MonoManager ReloadAssembly
Symbol file LoadedFromMemory doesn't match image D:\AR\AR-3D-Project\Library\PackageCache\com.unity.visualscripting@1.6.1\Editor\VisualScripting.Core\Dependencies\YamlDotNet\Unity.VisualScripting.YamlDotNet.dll
Symbol file LoadedFromMemory doesn't match image D:\AR\AR-3D-Project\Library\PackageCache\com.unity.visualscripting@1.6.1\Editor\VisualScripting.Core\Dependencies\DotNetZip\Unity.VisualScripting.IonicZip.dll
Native extension for WindowsStandalone target not found
Native extension for WebGL target not found
Refreshing native plugins compatible for Editor in 0.66 ms, found 2 plugins.
Preloading 0 native plugins for Editor in 0.00 ms.
Mono: successfully reloaded assembly
- Completed reload, in  0.911 seconds
Platform modules already initialized, skipping
Switching build target platform(19) subTarget(0) extendedPlatform(0) -> platform(13) subTarget(524288) extendedPlatform(0)
Refreshing native plugins compatible for Editor in 0.58 ms, found 2 plugins.
Preloading 0 native plugins for Editor in 0.00 ms.
Unloading 3062 Unused Serialized files (Serialized files now loaded: 0)
System memory in use before: 112.0 MB.
System memory in use after: 112.2 MB.

Unloading 23 unused Assets to reduce memory usage. Loaded Objects now: 3524.
Total: 2.056500 ms (FindLiveObjects: 0.279700 ms CreateObjectMapping: 0.187500 ms MarkObjects: 1.544100 ms  DeleteObjects: 0.044000 ms)

AssetImportParameters requested are different than current active one (requested -> active):
  custom:graphics/normal-map-encoding: 01000000000000000000000000000000 -> 02000000000000000000000000000000
========================================================================
Received Prepare
Registering precompiled user dll's ...
Registered in 0.004307 seconds.
Begin MonoManager ReloadAssembly
Symbol file LoadedFromMemory doesn't match image D:\AR\AR-3D-Project\Library\PackageCache\com.unity.visualscripting@1.6.1\Editor\VisualScripting.Core\Dependencies\YamlDotNet\Unity.VisualScripting.YamlDotNet.dll
Symbol file LoadedFromMemory doesn't match image D:\AR\AR-3D-Project\Library\PackageCache\com.unity.visualscripting@1.6.1\Editor\VisualScripting.Core\Dependencies\DotNetZip\Unity.VisualScripting.IonicZip.dll
Native extension for WindowsStandalone target not found
Native extension for WebGL target not found
Refreshing native plugins compatible for Editor in 0.64 ms, found 2 plugins.
Preloading 0 native plugins for Editor in 0.00 ms.
Mono: successfully reloaded assembly
- Completed reload, in  0.795 seconds
Platform modules already initialized, skipping
Switching build target platform(19) subTarget(0) extendedPlatform(0) -> platform(13) subTarget(524288) extendedPlatform(0)
Refreshing native plugins compatible for Editor in 0.73 ms, found 2 plugins.
Preloading 0 native plugins for Editor in 0.00 ms.
Unloading 3062 Unused Serialized files (Serialized files now loaded: 0)
System memory in use before: 112.1 MB.
System memory in use after: 112.3 MB.

Unloading 23 unused Assets to reduce memory usage. Loaded Objects now: 3528.
Total: 2.306800 ms (FindLiveObjects: 0.235300 ms CreateObjectMapping: 0.190600 ms MarkObjects: 1.802900 ms  DeleteObjects: 0.077400 ms)

AssetImportParameters requested are different than current active one (requested -> active):
  custom:graphics/normal-map-encoding: 01000000000000000000000000000000 -> 02000000000000000000000000000000
========================================================================
Received Import Request.
  Time since last request: 176.046229 seconds.
  path: Assets/Scripts/ModelsLoader.cs
  artifactKey: Guid(2079d1bc947a4664d8bc7ca616a6ba2b) Importer(815301076,1909f56bfc062723c751e8b465ee728b)
Start importing Assets/Scripts/ModelsLoader.cs using Guid(2079d1bc947a4664d8bc7ca616a6ba2b) Importer(815301076,1909f56bfc062723c751e8b465ee728b)  -> (artifact id: '1cf83115b851c68c3d6f184f4e9de927') in 0.006058 seconds 
========================================================================
Received Import Request.
  Time since last request: 29.607375 seconds.
  path: Assets/Models/button.zip
  artifactKey: Guid(62ea91a39c61aaa45a5e823f97663b5b) Importer(815301076,1909f56bfc062723c751e8b465ee728b)
Start importing Assets/Models/button.zip using Guid(62ea91a39c61aaa45a5e823f97663b5b) Importer(815301076,1909f56bfc062723c751e8b465ee728b)  -> (artifact id: '3a1d1d193ef6bd2a05b6518df7e1921d') in 0.025617 seconds 
========================================================================
Received Import Request.
  Time since last request: 7.099330 seconds.
  path: Assets/Models/button
  artifactKey: Guid(93555bd3300eda741b7febfa130f41fc) Importer(815301076,1909f56bfc062723c751e8b465ee728b)
Start importing Assets/Models/button using Guid(93555bd3300eda741b7febfa130f41fc) Importer(815301076,1909f56bfc062723c751e8b465ee728b)  -> (artifact id: '329f7c53aa5728d3e78ec1fc19e9fdd4') in 0.002050 seconds 
========================================================================
Received Import Request.
  Time since last request: 0.087305 seconds.
  path: Assets/Models/button/assignm.jpg
  artifactKey: Guid(ab0f580373a45ea4293225740b40702d) Importer(815301076,1909f56bfc062723c751e8b465ee728b)
Start importing Assets/Models/button/assignm.jpg using Guid(ab0f580373a45ea4293225740b40702d) Importer(815301076,1909f56bfc062723c751e8b465ee728b)  -> (artifact id: '6a8728845cc72047db61400a65f9385e') in 0.126903 seconds 
========================================================================
Received Import Request.
  Time since last request: 0.000195 seconds.
  path: Assets/Models/button/Df1ZY8tX0AUFYia.jpg
  artifactKey: Guid(f0e529e5934272448a3b6c0640370fca) Importer(815301076,1909f56bfc062723c751e8b465ee728b)
Start importing Assets/Models/button/Df1ZY8tX0AUFYia.jpg using Guid(f0e529e5934272448a3b6c0640370fca) Importer(815301076,1909f56bfc062723c751e8b465ee728b)  -> (artifact id: '7bd5c95c2aca03782b9eff7bfd387aca') in 0.028086 seconds 
========================================================================
Received Import Request.
  Time since last request: 0.000252 seconds.
  path: Assets/Models/button/domains.jpg
  artifactKey: Guid(d42536e2451421341b3b2c5c9bed5bbb) Importer(815301076,1909f56bfc062723c751e8b465ee728b)
Start importing Assets/Models/button/domains.jpg using Guid(d42536e2451421341b3b2c5c9bed5bbb) Importer(815301076,1909f56bfc062723c751e8b465ee728b)  -> (artifact id: 'd9d6dd262386069f86ae5e4e09c28213') in 0.024754 seconds 
========================================================================
Received Import Request.
  Time since last request: 0.000195 seconds.
  path: Assets/Models/button/Screenshot 2021-10-05 144304.png
  artifactKey: Guid(ffc0e290b6c26be43a7d35d238ea9777) Importer(815301076,1909f56bfc062723c751e8b465ee728b)
Start importing Assets/Models/button/Screenshot 2021-10-05 144304.png using Guid(ffc0e290b6c26be43a7d35d238ea9777) Importer(815301076,1909f56bfc062723c751e8b465ee728b)  -> (artifact id: 'e465281c0cc3e850fd300603aefadf56') in 0.043880 seconds 
========================================================================
Received Import Request.
  Time since last request: 0.000273 seconds.
  path: Assets/Models/button/Screenshot 2021-10-26 132901.jpg
  artifactKey: Guid(8e6c6e1142412d444a27dc788d497f1d) Importer(815301076,1909f56bfc062723c751e8b465ee728b)
Start importing Assets/Models/button/Screenshot 2021-10-26 132901.jpg using Guid(8e6c6e1142412d444a27dc788d497f1d) Importer(815301076,1909f56bfc062723c751e8b465ee728b)  -> (artifact id: 'a93bbf2d2f26a4bc5c26ea792f31ffc7') in 0.034588 seconds 
========================================================================
Received Import Request.
  Time since last request: 0.000369 seconds.
  path: Assets/Models/button/luis-villasmil-ITFwHdPEED0-unsplash.jpg
  artifactKey: Guid(7407eaf3dfec62742b23b889364b3c1f) Importer(815301076,1909f56bfc062723c751e8b465ee728b)
Start importing Assets/Models/button/luis-villasmil-ITFwHdPEED0-unsplash.jpg using Guid(7407eaf3dfec62742b23b889364b3c1f) Importer(815301076,1909f56bfc062723c751e8b465ee728b)  -> (artifact id: 'b7391119e412f180466007337a4e7b9a') in 0.059254 seconds 
========================================================================
Received Import Request.
  Time since last request: 0.000255 seconds.
  path: Assets/Models/button/insta.jpg
  artifactKey: Guid(a6b40f92e5940dc40b71138627b5fde1) Importer(815301076,1909f56bfc062723c751e8b465ee728b)
Start importing Assets/Models/button/insta.jpg using Guid(a6b40f92e5940dc40b71138627b5fde1) Importer(815301076,1909f56bfc062723c751e8b465ee728b)  -> (artifact id: '74c5f7d9bf89063927d96e218557b7e7') in 0.038022 seconds 
========================================================================
Received Import Request.
  Time since last request: 0.000176 seconds.
  path: Assets/Models/button/微信图片_20210926101115.jpg
  artifactKey: Guid(d1457d9db004b234aaa45f96c85faaab) Importer(815301076,1909f56bfc062723c751e8b465ee728b)
Start importing Assets/Models/button/微信图片_20210926101115.jpg using Guid(d1457d9db004b234aaa45f96c85faaab) Importer(815301076,1909f56bfc062723c751e8b465ee728b)  -> (artifact id: 'bfc2de7cec04eb4f678f1d75e1d2ae8b') in 0.057757 seconds 
========================================================================
Received Import Request.
  Time since last request: 0.000279 seconds.
  path: Assets/Models/button/vr.jpg
  artifactKey: Guid(d4da2d9cde857d64c8ce351a74b5a788) Importer(815301076,1909f56bfc062723c751e8b465ee728b)
Start importing Assets/Models/button/vr.jpg using Guid(d4da2d9cde857d64c8ce351a74b5a788) Importer(815301076,1909f56bfc062723c751e8b465ee728b)  -> (artifact id: 'e0c98bc9ef1f5d48eb64d01b2bbbe527') in 0.029040 seconds 
========================================================================
Received Import Request.
  Time since last request: 0.000268 seconds.
  path: Assets/Models/button/johnleepee-synthpop-synth-retrowave-sinti-pop-muzyka-elect-1.jpg
  artifactKey: Guid(3c000ee05868fa7459f558d95c309604) Importer(815301076,1909f56bfc062723c751e8b465ee728b)
Start importing Assets/Models/button/johnleepee-synthpop-synth-retrowave-sinti-pop-muzyka-elect-1.jpg using Guid(3c000ee05868fa7459f558d95c309604) Importer(815301076,1909f56bfc062723c751e8b465ee728b)  -> (artifact id: 'e4c47aced1534155f5c72a0bdf569153') in 0.027824 seconds 
========================================================================
Received Import Request.
  Time since last request: 0.000211 seconds.
  path: Assets/Models/button/ui insta.jpg
  artifactKey: Guid(10b8b4a98d5cfc74595ec3f3835adb58) Importer(815301076,1909f56bfc062723c751e8b465ee728b)
Start importing Assets/Models/button/ui insta.jpg using Guid(10b8b4a98d5cfc74595ec3f3835adb58) Importer(815301076,1909f56bfc062723c751e8b465ee728b)  -> (artifact id: 'de7f4b5d5348f39fc321a9c63f1e9a71') in 0.024500 seconds 
========================================================================
Received Import Request.
  Time since last request: 0.000254 seconds.
  path: Assets/Models/button/WeChat Image_20211013152724.jpg
  artifactKey: Guid(954b271b717b69b44b07ae6e49671596) Importer(815301076,1909f56bfc062723c751e8b465ee728b)
Start importing Assets/Models/button/WeChat Image_20211013152724.jpg using Guid(954b271b717b69b44b07ae6e49671596) Importer(815301076,1909f56bfc062723c751e8b465ee728b)  -> (artifact id: '271835749a74d832c938bdbb0f09d12e') in 0.025070 seconds 
========================================================================
Received Import Request.
  Time since last request: 0.000221 seconds.
  path: Assets/Models/button/univ_task11.png
  artifactKey: Guid(b7d20bca4d3086b45ac78e032b7352e8) Importer(815301076,1909f56bfc062723c751e8b465ee728b)
Start importing Assets/Models/button/univ_task11.png using Guid(b7d20bca4d3086b45ac78e032b7352e8) Importer(815301076,1909f56bfc062723c751e8b465ee728b)  -> (artifact id: 'b2cf71c364f2a8f8edd8d35c42d807d5') in 0.062091 seconds 
========================================================================
Received Import Request.
  Time since last request: 0.000316 seconds.
  path: Assets/Models/button/WeChat Image_20211005180418.jpg
  artifactKey: Guid(a43d54e8e86fd7648a13f81570f71a58) Importer(815301076,1909f56bfc062723c751e8b465ee728b)
Start importing Assets/Models/button/WeChat Image_20211005180418.jpg using Guid(a43d54e8e86fd7648a13f81570f71a58) Importer(815301076,1909f56bfc062723c751e8b465ee728b)  -> (artifact id: '9541369f6e5a735102bc870a03cac2ab') in 0.027217 seconds 
========================================================================
Received Import Request.
  Time since last request: 15.501312 seconds.
  path: Assets/XR/XRGeneralSettings.asset
  artifactKey: Guid(64d3c0282cd82b842b1342fc77e3dab9) Importer(815301076,1909f56bfc062723c751e8b465ee728b)
Start importing Assets/XR/XRGeneralSettings.asset using Guid(64d3c0282cd82b842b1342fc77e3dab9) Importer(815301076,1909f56bfc062723c751e8b465ee728b)  -> (artifact id: '87792399cc3435c9b8d57f3b70583214') in 0.015347 seconds 
AssetImportWorkerClient::OnTransportError - code=2 error=End of file
